# JRE version: OpenJDK Runtime Environment (11.0.15) (build 11.0.15+0-b2043.56-8887301)
# Java VM: OpenJDK 64-Bit Server VM (11.0.15+0-b2043.56-8887301, mixed mode, tiered, compressed oops, g1 gc, windows-amd64)
Heap:
 garbage-first heap   total 899072K, used 67126K [0x0000000681800000, 0x0000000800000000)
  region size 1024K, 8 young (8192K), 8 survivors (8192K)
 Metaspace       used 66989K, capacity 67908K, committed 68136K, reserved 1110016K
  class space    used 7569K, capacity 7919K, committed 8060K, reserved 1048576K
GC Heap History (17 events):
Event: 0.893 GC heap before
{Heap before GC invocations=0 (full 0):
 garbage-first heap   total 393216K, used 28672K [0x0000000681800000, 0x0000000800000000)
  region size 1024K, 24 young (24576K), 0 survivors (0K)
 Metaspace       used 12148K, capacity 12286K, committed 12416K, reserved 1060864K
  class space    used 1081K, capacity 1113K, committed 1152K, reserved 1048576K
}
Event: 0.910 GC heap after
{Heap after GC invocations=1 (full 0):
 garbage-first heap   total 393216K, used 7453K [0x0000000681800000, 0x0000000800000000)
  region size 1024K, 3 young (3072K), 3 survivors (3072K)
 Metaspace       used 12148K, capacity 12286K, committed 12416K, reserved 1060864K
  class space    used 1081K, capacity 1113K, committed 1152K, reserved 1048576K
}
Event: 1.800 GC heap before
{Heap before GC invocations=1 (full 0):
 garbage-first heap   total 393216K, used 46365K [0x0000000681800000, 0x0000000800000000)
  region size 1024K, 42 young (43008K), 3 survivors (3072K)
 Metaspace       used 20967K, capacity 21195K, committed 21248K, reserved 1069056K
  class space    used 2215K, capacity 2304K, committed 2304K, reserved 1048576K
}
Event: 1.829 GC heap after
{Heap after GC invocations=2 (full 0):
 garbage-first heap   total 393216K, used 11069K [0x0000000681800000, 0x0000000800000000)
  region size 1024K, 7 young (7168K), 7 survivors (7168K)
 Metaspace       used 20967K, capacity 21195K, committed 21248K, reserved 1069056K
  class space    used 2215K, capacity 2304K, committed 2304K, reserved 1048576K
}
Event: 3.575 GC heap before
{Heap before GC invocations=3 (full 0):
 garbage-first heap   total 393216K, used 64317K [0x0000000681800000, 0x0000000800000000)
  region size 1024K, 53 young (54272K), 7 survivors (7168K)
 Metaspace       used 31665K, capacity 32127K, committed 32508K, reserved 1077248K
  class space    used 3763K, capacity 3964K, committed 4092K, reserved 1048576K
}
Event: 3.644 GC heap after
{Heap after GC invocations=4 (full 0):
 garbage-first heap   total 393216K, used 23189K [0x0000000681800000, 0x0000000800000000)
  region size 1024K, 6 young (6144K), 6 survivors (6144K)
 Metaspace       used 31665K, capacity 32127K, committed 32508K, reserved 1077248K
  class space    used 3763K, capacity 3964K, committed 4092K, reserved 1048576K
}
Event: 4.196 GC heap before
{Heap before GC invocations=4 (full 0):
 garbage-first heap   total 393216K, used 41621K [0x0000000681800000, 0x0000000800000000)
  region size 1024K, 25 young (25600K), 6 survivors (6144K)
 Metaspace       used 35425K, capacity 35887K, committed 36048K, reserved 1081344K
  class space    used 4365K, capacity 4574K, committed 4604K, reserved 1048576K
}
Event: 4.236 GC heap after
{Heap after GC invocations=5 (full 0):
 garbage-first heap   total 393216K, used 26338K [0x0000000681800000, 0x0000000800000000)
  region size 1024K, 3 young (3072K), 3 survivors (3072K)
 Metaspace       used 35425K, capacity 35887K, committed 36048K, reserved 1081344K
  class space    used 4365K, capacity 4574K, committed 4604K, reserved 1048576K
}
Event: 6.900 GC heap before
{Heap before GC invocations=6 (full 0):
 garbage-first heap   total 393216K, used 90850K [0x0000000681800000, 0x0000000800000000)
  region size 1024K, 66 young (67584K), 3 survivors (3072K)
 Metaspace       used 48137K, capacity 48713K, committed 48976K, reserved 1091584K
  class space    used 5676K, capacity 5922K, committed 6012K, reserved 1048576K
}
Event: 6.959 GC heap after
{Heap after GC invocations=7 (full 0):
 garbage-first heap   total 609280K, used 30720K [0x0000000681800000, 0x0000000800000000)
  region size 1024K, 9 young (9216K), 9 survivors (9216K)
 Metaspace       used 48137K, capacity 48713K, committed 48976K, reserved 1091584K
  class space    used 5676K, capacity 5922K, committed 6012K, reserved 1048576K
}
Event: 10.972 GC heap before
{Heap before GC invocations=7 (full 0):
 garbage-first heap   total 609280K, used 108544K [0x0000000681800000, 0x0000000800000000)
  region size 1024K, 82 young (83968K), 9 survivors (9216K)
 Metaspace       used 55512K, capacity 56155K, committed 56400K, reserved 1099776K
  class space    used 6405K, capacity 6664K, committed 6780K, reserved 1048576K
}
Event: 11.064 GC heap after
{Heap after GC invocations=8 (full 0):
 garbage-first heap   total 609280K, used 41748K [0x0000000681800000, 0x0000000800000000)
  region size 1024K, 9 young (9216K), 9 survivors (9216K)
 Metaspace       used 55512K, capacity 56155K, committed 56400K, reserved 1099776K
  class space    used 6405K, capacity 6664K, committed 6780K, reserved 1048576K
}
Event: 18.295 GC heap before
{Heap before GC invocations=8 (full 0):
 garbage-first heap   total 609280K, used 124692K [0x0000000681800000, 0x0000000800000000)
  region size 1024K, 90 young (92160K), 9 survivors (9216K)
 Metaspace       used 59626K, capacity 60376K, committed 60496K, reserved 1103872K
  class space    used 6710K, capacity 6993K, committed 7036K, reserved 1048576K
}
Event: 18.433 GC heap after
{Heap after GC invocations=9 (full 0):
 garbage-first heap   total 609280K, used 56105K [0x0000000681800000, 0x0000000800000000)
  region size 1024K, 12 young (12288K), 12 survivors (12288K)
 Metaspace       used 59626K, capacity 60376K, committed 60496K, reserved 1103872K
  class space    used 6710K, capacity 6993K, committed 7036K, reserved 1048576K
}
Event: 18.845 GC heap before
{Heap before GC invocations=9 (full 0):
 garbage-first heap   total 609280K, used 67369K [0x0000000681800000, 0x0000000800000000)
  region size 1024K, 24 young (24576K), 12 survivors (12288K)
 Metaspace       used 59742K, capacity 60444K, committed 60496K, reserved 1103872K
  class space    used 6717K, capacity 6994K, committed 7036K, reserved 1048576K
}
Event: 18.923 GC heap after
{Heap after GC invocations=10 (full 0):
 garbage-first heap   total 609280K, used 58355K [0x0000000681800000, 0x0000000800000000)
  region size 1024K, 2 young (2048K), 2 survivors (2048K)
 Metaspace       used 59742K, capacity 60444K, committed 60496K, reserved 1103872K
  class space    used 6717K, capacity 6994K, committed 7036K, reserved 1048576K
}
Event: 25.368 GC heap before
{Heap before GC invocations=11 (full 0):
 garbage-first heap   total 609280K, used 120819K [0x0000000681800000, 0x0000000800000000)
  region size 1024K, 63 young (64512K), 2 survivors (2048K)
 Metaspace       used 66989K, capacity 67908K, committed 68136K, reserved 1110016K
  class space    used 7569K, capacity 7919K, committed 8060K, reserved 1048576K
}

